C:\USERS\STUART ALLDRITT\DOCUMENTS\MYO\WINDOWS\MYO-SDK\HELLO-WORLD-CPP\HELLO-WORLD-CPP\X64\DEBUG\HELLO-WORLD.OBJ
C:\USERS\STUART ALLDRITT\DOCUMENTS\MYO\WINDOWS\MYO-SDK\HELLO-WORLD-CPP\HELLO-WORLD-CPP\X64\DEBUG\VC110.PDB
C:\Users\Stuart Alldritt\Documents\MYO\Windows\myo-sdk\hello-world-cpp\x64\Debug\hello-world-cpp.lib
C:\Users\Stuart Alldritt\Documents\MYO\Windows\myo-sdk\hello-world-cpp\x64\Debug\hello-world-cpp.exp
C:\USERS\STUART ALLDRITT\DOCUMENTS\MYO\WINDOWS\MYO-SDK\HELLO-WORLD-CPP\X64\DEBUG\HELLO-WORLD-CPP.ILK
C:\USERS\STUART ALLDRITT\DOCUMENTS\MYO\WINDOWS\MYO-SDK\HELLO-WORLD-CPP\X64\DEBUG\HELLO-WORLD-CPP.EXE
C:\USERS\STUART ALLDRITT\DOCUMENTS\MYO\WINDOWS\MYO-SDK\HELLO-WORLD-CPP\X64\DEBUG\HELLO-WORLD-CPP.PDB
C:\Users\Stuart Alldritt\Documents\MYO\Windows\myo-sdk\hello-world-cpp\hello-world-cpp\x64\Debug\hello-world.obj
C:\Users\Stuart Alldritt\Documents\MYO\Windows\myo-sdk\hello-world-cpp\hello-world-cpp\x64\Debug\cl.command.1.tlog
C:\Users\Stuart Alldritt\Documents\MYO\Windows\myo-sdk\hello-world-cpp\hello-world-cpp\x64\Debug\CL.read.1.tlog
C:\Users\Stuart Alldritt\Documents\MYO\Windows\myo-sdk\hello-world-cpp\hello-world-cpp\x64\Debug\CL.write.1.tlog
C:\Users\Stuart Alldritt\Documents\MYO\Windows\myo-sdk\hello-world-cpp\hello-world-cpp\x64\Debug\hello-world-cpp.write.1.tlog
C:\Users\Stuart Alldritt\Documents\MYO\Windows\myo-sdk\hello-world-cpp\hello-world-cpp\x64\Debug\link-cvtres.read.1.tlog
C:\Users\Stuart Alldritt\Documents\MYO\Windows\myo-sdk\hello-world-cpp\hello-world-cpp\x64\Debug\link-cvtres.write.1.tlog
C:\Users\Stuart Alldritt\Documents\MYO\Windows\myo-sdk\hello-world-cpp\hello-world-cpp\x64\Debug\link-rc.read.1.tlog
C:\Users\Stuart Alldritt\Documents\MYO\Windows\myo-sdk\hello-world-cpp\hello-world-cpp\x64\Debug\link-rc.write.1.tlog
C:\Users\Stuart Alldritt\Documents\MYO\Windows\myo-sdk\hello-world-cpp\hello-world-cpp\x64\Debug\link.10560-cvtres.read.1.tlog
C:\Users\Stuart Alldritt\Documents\MYO\Windows\myo-sdk\hello-world-cpp\hello-world-cpp\x64\Debug\link.10560-cvtres.write.1.tlog
C:\Users\Stuart Alldritt\Documents\MYO\Windows\myo-sdk\hello-world-cpp\hello-world-cpp\x64\Debug\link.10560-rc.read.1.tlog
C:\Users\Stuart Alldritt\Documents\MYO\Windows\myo-sdk\hello-world-cpp\hello-world-cpp\x64\Debug\link.10560-rc.write.1.tlog
C:\Users\Stuart Alldritt\Documents\MYO\Windows\myo-sdk\hello-world-cpp\hello-world-cpp\x64\Debug\link.10560.read.1.tlog
C:\Users\Stuart Alldritt\Documents\MYO\Windows\myo-sdk\hello-world-cpp\hello-world-cpp\x64\Debug\link.10560.write.1.tlog
C:\Users\Stuart Alldritt\Documents\MYO\Windows\myo-sdk\hello-world-cpp\hello-world-cpp\x64\Debug\link.4040-cvtres.read.1.tlog
C:\Users\Stuart Alldritt\Documents\MYO\Windows\myo-sdk\hello-world-cpp\hello-world-cpp\x64\Debug\link.4040-cvtres.write.1.tlog
C:\Users\Stuart Alldritt\Documents\MYO\Windows\myo-sdk\hello-world-cpp\hello-world-cpp\x64\Debug\link.4040-rc.read.1.tlog
C:\Users\Stuart Alldritt\Documents\MYO\Windows\myo-sdk\hello-world-cpp\hello-world-cpp\x64\Debug\link.4040-rc.write.1.tlog
C:\Users\Stuart Alldritt\Documents\MYO\Windows\myo-sdk\hello-world-cpp\hello-world-cpp\x64\Debug\link.4040.read.1.tlog
C:\Users\Stuart Alldritt\Documents\MYO\Windows\myo-sdk\hello-world-cpp\hello-world-cpp\x64\Debug\link.4040.write.1.tlog
C:\Users\Stuart Alldritt\Documents\MYO\Windows\myo-sdk\hello-world-cpp\hello-world-cpp\x64\Debug\link.4840-cvtres.read.1.tlog
C:\Users\Stuart Alldritt\Documents\MYO\Windows\myo-sdk\hello-world-cpp\hello-world-cpp\x64\Debug\link.4840-cvtres.write.1.tlog
C:\Users\Stuart Alldritt\Documents\MYO\Windows\myo-sdk\hello-world-cpp\hello-world-cpp\x64\Debug\link.4840-rc.read.1.tlog
C:\Users\Stuart Alldritt\Documents\MYO\Windows\myo-sdk\hello-world-cpp\hello-world-cpp\x64\Debug\link.4840-rc.write.1.tlog
C:\Users\Stuart Alldritt\Documents\MYO\Windows\myo-sdk\hello-world-cpp\hello-world-cpp\x64\Debug\link.4840.read.1.tlog
C:\Users\Stuart Alldritt\Documents\MYO\Windows\myo-sdk\hello-world-cpp\hello-world-cpp\x64\Debug\link.4840.write.1.tlog
C:\Users\Stuart Alldritt\Documents\MYO\Windows\myo-sdk\hello-world-cpp\hello-world-cpp\x64\Debug\link.5148-cvtres.read.1.tlog
C:\Users\Stuart Alldritt\Documents\MYO\Windows\myo-sdk\hello-world-cpp\hello-world-cpp\x64\Debug\link.5148-cvtres.write.1.tlog
C:\Users\Stuart Alldritt\Documents\MYO\Windows\myo-sdk\hello-world-cpp\hello-world-cpp\x64\Debug\link.5148-rc.read.1.tlog
C:\Users\Stuart Alldritt\Documents\MYO\Windows\myo-sdk\hello-world-cpp\hello-world-cpp\x64\Debug\link.5148-rc.write.1.tlog
C:\Users\Stuart Alldritt\Documents\MYO\Windows\myo-sdk\hello-world-cpp\hello-world-cpp\x64\Debug\link.5148.read.1.tlog
C:\Users\Stuart Alldritt\Documents\MYO\Windows\myo-sdk\hello-world-cpp\hello-world-cpp\x64\Debug\link.5148.write.1.tlog
C:\Users\Stuart Alldritt\Documents\MYO\Windows\myo-sdk\hello-world-cpp\hello-world-cpp\x64\Debug\link.7252-cvtres.read.1.tlog
C:\Users\Stuart Alldritt\Documents\MYO\Windows\myo-sdk\hello-world-cpp\hello-world-cpp\x64\Debug\link.7252-cvtres.write.1.tlog
C:\Users\Stuart Alldritt\Documents\MYO\Windows\myo-sdk\hello-world-cpp\hello-world-cpp\x64\Debug\link.7252-rc.read.1.tlog
C:\Users\Stuart Alldritt\Documents\MYO\Windows\myo-sdk\hello-world-cpp\hello-world-cpp\x64\Debug\link.7252-rc.write.1.tlog
C:\Users\Stuart Alldritt\Documents\MYO\Windows\myo-sdk\hello-world-cpp\hello-world-cpp\x64\Debug\link.7252.read.1.tlog
C:\Users\Stuart Alldritt\Documents\MYO\Windows\myo-sdk\hello-world-cpp\hello-world-cpp\x64\Debug\link.7252.write.1.tlog
C:\Users\Stuart Alldritt\Documents\MYO\Windows\myo-sdk\hello-world-cpp\hello-world-cpp\x64\Debug\link.7824-cvtres.read.1.tlog
C:\Users\Stuart Alldritt\Documents\MYO\Windows\myo-sdk\hello-world-cpp\hello-world-cpp\x64\Debug\link.7824-cvtres.write.1.tlog
C:\Users\Stuart Alldritt\Documents\MYO\Windows\myo-sdk\hello-world-cpp\hello-world-cpp\x64\Debug\link.7824-rc.read.1.tlog
C:\Users\Stuart Alldritt\Documents\MYO\Windows\myo-sdk\hello-world-cpp\hello-world-cpp\x64\Debug\link.7824-rc.write.1.tlog
C:\Users\Stuart Alldritt\Documents\MYO\Windows\myo-sdk\hello-world-cpp\hello-world-cpp\x64\Debug\link.7824.read.1.tlog
C:\Users\Stuart Alldritt\Documents\MYO\Windows\myo-sdk\hello-world-cpp\hello-world-cpp\x64\Debug\link.7824.write.1.tlog
C:\Users\Stuart Alldritt\Documents\MYO\Windows\myo-sdk\hello-world-cpp\hello-world-cpp\x64\Debug\link.9280-cvtres.read.1.tlog
C:\Users\Stuart Alldritt\Documents\MYO\Windows\myo-sdk\hello-world-cpp\hello-world-cpp\x64\Debug\link.9280-cvtres.write.1.tlog
C:\Users\Stuart Alldritt\Documents\MYO\Windows\myo-sdk\hello-world-cpp\hello-world-cpp\x64\Debug\link.9280-rc.read.1.tlog
C:\Users\Stuart Alldritt\Documents\MYO\Windows\myo-sdk\hello-world-cpp\hello-world-cpp\x64\Debug\link.9280-rc.write.1.tlog
C:\Users\Stuart Alldritt\Documents\MYO\Windows\myo-sdk\hello-world-cpp\hello-world-cpp\x64\Debug\link.9280.read.1.tlog
C:\Users\Stuart Alldritt\Documents\MYO\Windows\myo-sdk\hello-world-cpp\hello-world-cpp\x64\Debug\link.9280.write.1.tlog
C:\Users\Stuart Alldritt\Documents\MYO\Windows\myo-sdk\hello-world-cpp\hello-world-cpp\x64\Debug\link.command.1.tlog
C:\Users\Stuart Alldritt\Documents\MYO\Windows\myo-sdk\hello-world-cpp\hello-world-cpp\x64\Debug\link.read.1.tlog
C:\Users\Stuart Alldritt\Documents\MYO\Windows\myo-sdk\hello-world-cpp\hello-world-cpp\x64\Debug\link.write.1.tlog
C:\Users\Stuart Alldritt\Documents\MYO\Windows\myo-sdk\hello-world-cpp\hello-world-cpp\x64\Debug\vc110.idb
C:\Users\Stuart Alldritt\Documents\MYO\Windows\myo-sdk\hello-world-cpp\hello-world-cpp\x64\Debug\vc110.pdb
C:\Users\Stuart Alldritt\Documents\MYO\Windows\myo-sdk\hello-world-cpp\x64\Debug\hello-world-cpp.pdb
C:\Users\Stuart Alldritt\Documents\MYO\Windows\myo-sdk\hello-world-cpp\x64\Debug\hello-world-cpp.exe
C:\Users\Stuart Alldritt\Documents\MYO\Windows\myo-sdk\hello-world-cpp\x64\Debug\hello-world-cpp.ilk
